Using pre-set license
Built from '2021.3/release' branch; Version is '2021.3.12f1 (8af3c3e441b1) revision 9106371'; Using compiler version '192829333'; Build Type 'Release'
OS: 'Windows 10  (10.0.19045) 64bit Core' Language: 'en' Physical Memory: 32670 MB
BatchMode: 1, IsHumanControllingUs: 0, StartBugReporterOnCrash: 0, Is64bit: 1, IsPro: 1

COMMAND LINE ARGUMENTS:
C:\Program Files\Unity\Hub\Editor\2021.3.12f1\Editor\Unity.exe
-adb2
-batchMode
-noUpm
-name
AssetImportWorker1
-projectPath
E:/Unity Projects/My Lie In Lullaby PM
-logFile
Logs/AssetImportWorker1.log
-srvPort
50953
Successfully changed project path to: E:/Unity Projects/My Lie In Lullaby PM
E:/Unity Projects/My Lie In Lullaby PM
[UnityMemory] Configuration Parameters - Can be set up in boot.config
    "memorysetup-bucket-allocator-granularity=16"
    "memorysetup-bucket-allocator-bucket-count=8"
    "memorysetup-bucket-allocator-block-size=33554432"
    "memorysetup-bucket-allocator-block-count=8"
    "memorysetup-main-allocator-block-size=16777216"
    "memorysetup-thread-allocator-block-size=16777216"
    "memorysetup-gfx-main-allocator-block-size=16777216"
    "memorysetup-gfx-thread-allocator-block-size=16777216"
    "memorysetup-cache-allocator-block-size=4194304"
    "memorysetup-typetree-allocator-block-size=2097152"
    "memorysetup-profiler-bucket-allocator-granularity=16"
    "memorysetup-profiler-bucket-allocator-bucket-count=8"
    "memorysetup-profiler-bucket-allocator-block-size=33554432"
    "memorysetup-profiler-bucket-allocator-block-count=8"
    "memorysetup-profiler-allocator-block-size=16777216"
    "memorysetup-profiler-editor-allocator-block-size=1048576"
    "memorysetup-temp-allocator-size-main=16777216"
    "memorysetup-job-temp-allocator-block-size=2097152"
    "memorysetup-job-temp-allocator-block-size-background=1048576"
    "memorysetup-job-temp-allocator-reduction-small-platforms=262144"
    "memorysetup-temp-allocator-size-background-worker=32768"
    "memorysetup-temp-allocator-size-job-worker=262144"
    "memorysetup-temp-allocator-size-preload-manager=33554432"
    "memorysetup-temp-allocator-size-nav-mesh-worker=65536"
    "memorysetup-temp-allocator-size-audio-worker=65536"
    "memorysetup-temp-allocator-size-cloud-worker=32768"
    "memorysetup-temp-allocator-size-gi-baking-worker=262144"
    "memorysetup-temp-allocator-size-gfx=262144"
Refreshing native plugins compatible for Editor in 138.09 ms, found 3 plugins.
Preloading 0 native plugins for Editor in 0.00 ms.
Initialize engine version: 2021.3.12f1 (8af3c3e441b1)
[Subsystems] Discovering subsystems at path C:/Program Files/Unity/Hub/Editor/2021.3.12f1/Editor/Data/Resources/UnitySubsystems
[Subsystems] Discovering subsystems at path E:/Unity Projects/My Lie In Lullaby PM/Assets
GfxDevice: creating device client; threaded=0; jobified=0
Direct3D:
    Version:  Direct3D 11.0 [level 11.1]
    Renderer: NVIDIA GeForce GTX 1080 (ID=0x1b80)
    Vendor:   NVIDIA
    VRAM:     8072 MB
    Driver:   31.0.15.3179
Initialize mono
Mono path[0] = 'C:/Program Files/Unity/Hub/Editor/2021.3.12f1/Editor/Data/Managed'
Mono path[1] = 'C:/Program Files/Unity/Hub/Editor/2021.3.12f1/Editor/Data/MonoBleedingEdge/lib/mono/unityjit-win32'
Mono config path = 'C:/Program Files/Unity/Hub/Editor/2021.3.12f1/Editor/Data/MonoBleedingEdge/etc'
Using monoOptions --debugger-agent=transport=dt_socket,embedding=1,server=y,suspend=n,address=127.0.0.1:56292
Begin MonoManager ReloadAssembly
Registering precompiled unity dll's ...
Register platform support module: C:/Program Files/Unity/Hub/Editor/2021.3.12f1/Editor/Data/PlaybackEngines/WindowsStandaloneSupport/UnityEditor.WindowsStandalone.Extensions.dll
Registered in 0.011767 seconds.
Native extension for WindowsStandalone target not found
Refreshing native plugins compatible for Editor in 117.65 ms, found 3 plugins.
Preloading 0 native plugins for Editor in 0.00 ms.
Mono: successfully reloaded assembly
- Completed reload, in  0.909 seconds
Domain Reload Profiling:
	ReloadAssembly (910ms)
		BeginReloadAssembly (107ms)
			ExecutionOrderSort (0ms)
			DisableScriptedObjects (0ms)
			BackupInstance (0ms)
			ReleaseScriptingObjects (0ms)
			CreateAndSetChildDomain (1ms)
		EndReloadAssembly (652ms)
			LoadAssemblies (104ms)
			RebuildTransferFunctionScriptingTraits (0ms)
			SetupTypeCache (150ms)
			ReleaseScriptCaches (0ms)
			RebuildScriptCaches (32ms)
			SetupLoadedEditorAssemblies (403ms)
				LogAssemblyErrors (0ms)
				InitializePlatformSupportModulesInManaged (13ms)
				SetLoadedEditorAssemblies (0ms)
				RefreshPlugins (118ms)
				BeforeProcessingInitializeOnLoad (1ms)
				ProcessInitializeOnLoadAttributes (204ms)
				ProcessInitializeOnLoadMethodAttributes (67ms)
				AfterProcessingInitializeOnLoad (0ms)
				EditorAssembliesLoaded (0ms)
			ExecutionOrderSort2 (0ms)
			AwakeInstancesAfterBackupRestoration (0ms)
Platform modules already initialized, skipping
Registering precompiled user dll's ...
Registered in 0.019074 seconds.
Begin MonoManager ReloadAssembly
Symbol file LoadedFromMemory doesn't match image E:\Unity Projects\My Lie In Lullaby PM\Library\PackageCache\com.unity.visualscripting@1.7.8\Editor\VisualScripting.Core\Dependencies\YamlDotNet\Unity.VisualScripting.YamlDotNet.dll
Symbol file LoadedFromMemory doesn't match image E:\Unity Projects\My Lie In Lullaby PM\Library\PackageCache\com.unity.visualscripting@1.7.8\Editor\VisualScripting.Core\Dependencies\DotNetZip\Unity.VisualScripting.IonicZip.dll
Native extension for WindowsStandalone target not found
Refreshing native plugins compatible for Editor in 0.78 ms, found 3 plugins.
Preloading 0 native plugins for Editor in 0.00 ms.
Mono: successfully reloaded assembly
- Completed reload, in  1.343 seconds
Domain Reload Profiling:
	ReloadAssembly (1344ms)
		BeginReloadAssembly (137ms)
			ExecutionOrderSort (0ms)
			DisableScriptedObjects (6ms)
			BackupInstance (0ms)
			ReleaseScriptingObjects (0ms)
			CreateAndSetChildDomain (22ms)
		EndReloadAssembly (1057ms)
			LoadAssemblies (112ms)
			RebuildTransferFunctionScriptingTraits (0ms)
			SetupTypeCache (334ms)
			ReleaseScriptCaches (1ms)
			RebuildScriptCaches (69ms)
			SetupLoadedEditorAssemblies (502ms)
				LogAssemblyErrors (0ms)
				InitializePlatformSupportModulesInManaged (7ms)
				SetLoadedEditorAssemblies (0ms)
				RefreshPlugins (1ms)
				BeforeProcessingInitializeOnLoad (111ms)
				ProcessInitializeOnLoadAttributes (337ms)
				ProcessInitializeOnLoadMethodAttributes (34ms)
				AfterProcessingInitializeOnLoad (12ms)
				EditorAssembliesLoaded (0ms)
			ExecutionOrderSort2 (0ms)
			AwakeInstancesAfterBackupRestoration (7ms)
Platform modules already initialized, skipping
========================================================================
Worker process is ready to serve import requests
Launched and connected shader compiler UnityShaderCompiler.exe after 0.07 seconds
Refreshing native plugins compatible for Editor in 0.97 ms, found 3 plugins.
Preloading 0 native plugins for Editor in 0.00 ms.
Unloading 4619 Unused Serialized files (Serialized files now loaded: 0)
Unloading 45 unused Assets / (118.0 KB). Loaded Objects now: 5174.
Memory consumption went from 152.0 MB to 151.9 MB.
Total: 4.555700 ms (FindLiveObjects: 0.468600 ms CreateObjectMapping: 0.494000 ms MarkObjects: 3.430000 ms  DeleteObjects: 0.162100 ms)

AssetImportParameters requested are different than current active one (requested -> active):
  custom:video-decoder-ogg-theora: a1e56fd34408186e4bbccfd4996cb3dc -> 
  custom:container-muxer-webm: aa71ff27fc2769a1b78a27578f13a17b -> 
  custom:container-demuxer-webm: 4f35f7cbe854078d1ac9338744f61a02 -> 
  custom:video-encoder-webm-vp8: eb34c28f22e8b96e1ab97ce403110664 -> 
  custom:audio-encoder-webm-vorbis: bf7c407c2cedff20999df2af8eb42d56 -> 
  custom:framework-win-MediaFoundation: 216162199b28c13a410421893ffa2e32 -> 
  custom:container-demuxer-ogg: 62fdf1f143b41e24485cea50d1cbac27 -> 
  custom:video-decoder-webm-vp8: 9c59270c3fd7afecdb556c50c9e8de78 -> 
  custom:audio-decoder-ogg-vorbis: bf7c407c2cedff20999df2af8eb42d56 -> 
========================================================================
Received Import Request.
  Time since last request: 42888.388751 seconds.
  path: Assets/Models/FBX/Textured/Bedroom.fbm/Bedroom.fbx
  artifactKey: Guid(9c1a72ed87b361947a3796491bd29976) Importer(815301076,1909f56bfc062723c751e8b465ee728b)
Start importing Assets/Models/FBX/Textured/Bedroom.fbm/Bedroom.fbx using Guid(9c1a72ed87b361947a3796491bd29976) Importer(815301076,1909f56bfc062723c751e8b465ee728b)  -> (artifact id: 'da8bf93df44df01663630a9c2a077a2e') in 1.199427 seconds 
========================================================================
Received Import Request.
  Time since last request: 58.086535 seconds.
  path: Assets/Models/FBX/Textured/Low Poly/Textured Bedroom.fbm/Bulleten board.png
  artifactKey: Guid(de1ca4a47976d3542ae7d26945920682) Importer(815301076,1909f56bfc062723c751e8b465ee728b)
Start importing Assets/Models/FBX/Textured/Low Poly/Textured Bedroom.fbm/Bulleten board.png using Guid(de1ca4a47976d3542ae7d26945920682) Importer(815301076,1909f56bfc062723c751e8b465ee728b)  -> (artifact id: 'b69c8b5d7897a47e491aec27ea67ecaf') in 0.031740 seconds 
========================================================================
Received Import Request.
  Time since last request: 0.000033 seconds.
  path: Assets/Models/FBX/Textured/Low Poly/Textured Bedroom.fbm/ground.png
  artifactKey: Guid(3b8e900cb0eba414eb9551cc6187fbd1) Importer(815301076,1909f56bfc062723c751e8b465ee728b)
Start importing Assets/Models/FBX/Textured/Low Poly/Textured Bedroom.fbm/ground.png using Guid(3b8e900cb0eba414eb9551cc6187fbd1) Importer(815301076,1909f56bfc062723c751e8b465ee728b)  -> (artifact id: '1c8466000a9581a31374486983a2a6c4') in 0.020948 seconds 
========================================================================
Received Import Request.
  Time since last request: 0.000042 seconds.
  path: Assets/Models/FBX/Textured/Low Poly/Textured Bedroom.fbm/chair.png
  artifactKey: Guid(b40247dcd7fcec84fbc582cce104cec3) Importer(815301076,1909f56bfc062723c751e8b465ee728b)
Start importing Assets/Models/FBX/Textured/Low Poly/Textured Bedroom.fbm/chair.png using Guid(b40247dcd7fcec84fbc582cce104cec3) Importer(815301076,1909f56bfc062723c751e8b465ee728b)  -> (artifact id: '9f05ff5ba70f51c7e576030399a4efb6') in 0.016816 seconds 
========================================================================
Received Import Request.
  Time since last request: 0.000036 seconds.
  path: Assets/Models/FBX/Textured/Low Poly/Textured Bedroom.fbm/Carpet.png
  artifactKey: Guid(dbca75b778522f448abd07b538aa7150) Importer(815301076,1909f56bfc062723c751e8b465ee728b)
Start importing Assets/Models/FBX/Textured/Low Poly/Textured Bedroom.fbm/Carpet.png using Guid(dbca75b778522f448abd07b538aa7150) Importer(815301076,1909f56bfc062723c751e8b465ee728b)  -> (artifact id: '86c0d1ec6d27242d01ab8fa8bf7004c0') in 0.020153 seconds 
========================================================================
Received Import Request.
  Time since last request: 0.000029 seconds.
  path: Assets/Models/FBX/Textured/Low Poly/Textured Bedroom.fbm/cup.png
  artifactKey: Guid(6d40534830a7af240879f5c2f24ad155) Importer(815301076,1909f56bfc062723c751e8b465ee728b)
Start importing Assets/Models/FBX/Textured/Low Poly/Textured Bedroom.fbm/cup.png using Guid(6d40534830a7af240879f5c2f24ad155) Importer(815301076,1909f56bfc062723c751e8b465ee728b)  -> (artifact id: '21e9cfb8842ec25be2b845c8e121d9c1') in 0.018367 seconds 
========================================================================
Received Import Request.
  Time since last request: 0.000039 seconds.
  path: Assets/Models/FBX/Textured/Low Poly/Textured Bedroom.fbm/Drawers.png
  artifactKey: Guid(93df688503fb06d468dd499f1970e4bf) Importer(815301076,1909f56bfc062723c751e8b465ee728b)
Start importing Assets/Models/FBX/Textured/Low Poly/Textured Bedroom.fbm/Drawers.png using Guid(93df688503fb06d468dd499f1970e4bf) Importer(815301076,1909f56bfc062723c751e8b465ee728b)  -> (artifact id: '692aa6361637befbf86efcf17181144e') in 0.027358 seconds 
========================================================================
Received Import Request.
  Time since last request: 0.000027 seconds.
  path: Assets/Models/FBX/Textured/Low Poly/Textured Bedroom.fbm/frame.png
  artifactKey: Guid(c8ace542ea78eb541b8c4e1c47dd6e0b) Importer(815301076,1909f56bfc062723c751e8b465ee728b)
Start importing Assets/Models/FBX/Textured/Low Poly/Textured Bedroom.fbm/frame.png using Guid(c8ace542ea78eb541b8c4e1c47dd6e0b) Importer(815301076,1909f56bfc062723c751e8b465ee728b)  -> (artifact id: 'fbef535024699a7e6576275fa97b6fec') in 0.018089 seconds 
========================================================================
Received Import Request.
  Time since last request: 0.000033 seconds.
  path: Assets/Models/FBX/Textured/Low Poly/Textured Bedroom.fbm/lamp.png
  artifactKey: Guid(b09a22dac9bd6e0448e6aab719e32f40) Importer(815301076,1909f56bfc062723c751e8b465ee728b)
Start importing Assets/Models/FBX/Textured/Low Poly/Textured Bedroom.fbm/lamp.png using Guid(b09a22dac9bd6e0448e6aab719e32f40) Importer(815301076,1909f56bfc062723c751e8b465ee728b)  -> (artifact id: '7f3624b7f0a681a4a4f7cf950f770528') in 0.017357 seconds 
========================================================================
Received Import Request.
  Time since last request: 0.488207 seconds.
  path: Assets/Models/FBX/Textured/Low Poly/Textured Bedroom.fbm/Paper 2.png
  artifactKey: Guid(5542f0baf5991e449980a9032204e071) Importer(815301076,1909f56bfc062723c751e8b465ee728b)
Start importing Assets/Models/FBX/Textured/Low Poly/Textured Bedroom.fbm/Paper 2.png using Guid(5542f0baf5991e449980a9032204e071) Importer(815301076,1909f56bfc062723c751e8b465ee728b)  -> (artifact id: '9af0db351e1143c14fcc88b68cee9ac4') in 0.012415 seconds 
========================================================================
Received Import Request.
  Time since last request: 0.303286 seconds.
  path: Assets/Models/FBX/Textured/Low Poly/Textured Bedroom.fbm/pillow  ss.png
  artifactKey: Guid(2c2f6e2d626ebb24ea4fd25971aeedea) Importer(815301076,1909f56bfc062723c751e8b465ee728b)
Start importing Assets/Models/FBX/Textured/Low Poly/Textured Bedroom.fbm/pillow  ss.png using Guid(2c2f6e2d626ebb24ea4fd25971aeedea) Importer(815301076,1909f56bfc062723c751e8b465ee728b)  -> (artifact id: 'f4f4bafa08372318ed54aea5339e6f6c') in 0.014016 seconds 
========================================================================
Received Import Request.
  Time since last request: 0.016295 seconds.
  path: Assets/Models/FBX/Textured/Low Poly/Textured Bedroom.fbm/Post 1.png
  artifactKey: Guid(982b892b051714c42b09cc011a16cf06) Importer(815301076,1909f56bfc062723c751e8b465ee728b)
Start importing Assets/Models/FBX/Textured/Low Poly/Textured Bedroom.fbm/Post 1.png using Guid(982b892b051714c42b09cc011a16cf06) Importer(815301076,1909f56bfc062723c751e8b465ee728b)  -> (artifact id: 'd21341d5c71a78e1aacad26dda116ac1') in 0.016612 seconds 
========================================================================
Received Import Request.
  Time since last request: 0.000033 seconds.
  path: Assets/Models/FBX/Textured/Low Poly/Textured Bedroom.fbm/post 3.png
  artifactKey: Guid(8137d32d72df1724a9f55fdc937fc2b8) Importer(815301076,1909f56bfc062723c751e8b465ee728b)
Start importing Assets/Models/FBX/Textured/Low Poly/Textured Bedroom.fbm/post 3.png using Guid(8137d32d72df1724a9f55fdc937fc2b8) Importer(815301076,1909f56bfc062723c751e8b465ee728b)  -> (artifact id: '0af6c0ff62c0d18301f3a108ca478736') in 0.013364 seconds 
========================================================================
Received Import Request.
  Time since last request: 0.259047 seconds.
  path: Assets/Models/FBX/Textured/Low Poly/Textured Bedroom.fbm/Sticker 1.png
  artifactKey: Guid(b7c09a8321e11f1459d4d615757847a3) Importer(815301076,1909f56bfc062723c751e8b465ee728b)
Start importing Assets/Models/FBX/Textured/Low Poly/Textured Bedroom.fbm/Sticker 1.png using Guid(b7c09a8321e11f1459d4d615757847a3) Importer(815301076,1909f56bfc062723c751e8b465ee728b)  -> (artifact id: '0fbbfa7d6e6da2dc2191ab08d6ca4270') in 0.013841 seconds 
========================================================================
Received Import Request.
  Time since last request: 0.018731 seconds.
  path: Assets/Models/FBX/Textured/Low Poly/Textured Bedroom.fbm/Sticker 4.png
  artifactKey: Guid(bd421f31064e60b42913e74b123b5191) Importer(815301076,1909f56bfc062723c751e8b465ee728b)
Start importing Assets/Models/FBX/Textured/Low Poly/Textured Bedroom.fbm/Sticker 4.png using Guid(bd421f31064e60b42913e74b123b5191) Importer(815301076,1909f56bfc062723c751e8b465ee728b)  -> (artifact id: 'ced5f2b76b60719973959f4c10cfcb08') in 0.020116 seconds 
========================================================================
Received Import Request.
  Time since last request: 0.000026 seconds.
  path: Assets/Models/FBX/Textured/Low Poly/Textured Bedroom.fbm/Sticker 5.png
  artifactKey: Guid(45ba2cbaa050bda49887e17bb4e212b8) Importer(815301076,1909f56bfc062723c751e8b465ee728b)
Start importing Assets/Models/FBX/Textured/Low Poly/Textured Bedroom.fbm/Sticker 5.png using Guid(45ba2cbaa050bda49887e17bb4e212b8) Importer(815301076,1909f56bfc062723c751e8b465ee728b)  -> (artifact id: '6257e71bf5a1c0705b35964cad6172e7') in 0.016796 seconds 
========================================================================
Received Import Request.
  Time since last request: 0.276866 seconds.
  path: Assets/Models/FBX/Textured/Low Poly/Textured Bedroom.fbm/trun ks.png
  artifactKey: Guid(0b47faaca6f6dd44fb67e88dfa230c62) Importer(815301076,1909f56bfc062723c751e8b465ee728b)
Start importing Assets/Models/FBX/Textured/Low Poly/Textured Bedroom.fbm/trun ks.png using Guid(0b47faaca6f6dd44fb67e88dfa230c62) Importer(815301076,1909f56bfc062723c751e8b465ee728b)  -> (artifact id: '4529768105fc373feb02968f373a8230') in 0.011980 seconds 
========================================================================
Received Import Request.
  Time since last request: 0.000042 seconds.
  path: Assets/Models/FBX/Textured/Low Poly/Textured Bedroom.fbm/Wall Right.png
  artifactKey: Guid(95a1dc17110140f4dbd53f50358d62d4) Importer(815301076,1909f56bfc062723c751e8b465ee728b)
Start importing Assets/Models/FBX/Textured/Low Poly/Textured Bedroom.fbm/Wall Right.png using Guid(95a1dc17110140f4dbd53f50358d62d4) Importer(815301076,1909f56bfc062723c751e8b465ee728b)  -> (artifact id: 'c6353154c21ec08e1e3324a1b43e66de') in 0.008491 seconds 
========================================================================
Received Import Request.
  Time since last request: 0.018086 seconds.
  path: Assets/Models/FBX/Textured/Low Poly/Textured Bedroom.fbm/wall2.png
  artifactKey: Guid(f03c887a03c2d7640be37339e295e7ff) Importer(815301076,1909f56bfc062723c751e8b465ee728b)
Start importing Assets/Models/FBX/Textured/Low Poly/Textured Bedroom.fbm/wall2.png using Guid(f03c887a03c2d7640be37339e295e7ff) Importer(815301076,1909f56bfc062723c751e8b465ee728b)  -> (artifact id: 'c35e92b642ff66a28f1f5c01029ff5e9') in 0.006968 seconds 
========================================================================
Received Prepare
Registering precompiled user dll's ...
Registered in 0.018335 seconds.
Begin MonoManager ReloadAssembly
Symbol file LoadedFromMemory doesn't match image E:\Unity Projects\My Lie In Lullaby PM\Library\PackageCache\com.unity.visualscripting@1.7.8\Editor\VisualScripting.Core\Dependencies\YamlDotNet\Unity.VisualScripting.YamlDotNet.dll
Symbol file LoadedFromMemory doesn't match image E:\Unity Projects\My Lie In Lullaby PM\Library\PackageCache\com.unity.visualscripting@1.7.8\Editor\VisualScripting.Core\Dependencies\DotNetZip\Unity.VisualScripting.IonicZip.dll
Native extension for WindowsStandalone target not found
Refreshing native plugins compatible for Editor in 1.21 ms, found 3 plugins.
Preloading 0 native plugins for Editor in 0.00 ms.
Mono: successfully reloaded assembly
- Completed reload, in  1.363 seconds
Domain Reload Profiling:
	ReloadAssembly (1364ms)
		BeginReloadAssembly (160ms)
			ExecutionOrderSort (0ms)
			DisableScriptedObjects (5ms)
			BackupInstance (0ms)
			ReleaseScriptingObjects (0ms)
			CreateAndSetChildDomain (43ms)
		EndReloadAssembly (1083ms)
			LoadAssemblies (113ms)
			RebuildTransferFunctionScriptingTraits (0ms)
			SetupTypeCache (365ms)
			ReleaseScriptCaches (1ms)
			RebuildScriptCaches (62ms)
			SetupLoadedEditorAssemblies (486ms)
				LogAssemblyErrors (0ms)
				InitializePlatformSupportModulesInManaged (17ms)
				SetLoadedEditorAssemblies (0ms)
				RefreshPlugins (1ms)
				BeforeProcessingInitializeOnLoad (88ms)
				ProcessInitializeOnLoadAttributes (329ms)
				ProcessInitializeOnLoadMethodAttributes (36ms)
				AfterProcessingInitializeOnLoad (14ms)
				EditorAssembliesLoaded (0ms)
			ExecutionOrderSort2 (0ms)
			AwakeInstancesAfterBackupRestoration (9ms)
Platform modules already initialized, skipping
Refreshing native plugins compatible for Editor in 3.82 ms, found 3 plugins.
Preloading 0 native plugins for Editor in 0.00 ms.
Unloading 4600 Unused Serialized files (Serialized files now loaded: 0)
Unloading 38 unused Assets / (84.4 KB). Loaded Objects now: 5223.
Memory consumption went from 155.6 MB to 155.5 MB.
Total: 3.692700 ms (FindLiveObjects: 0.340200 ms CreateObjectMapping: 0.307300 ms MarkObjects: 2.945400 ms  DeleteObjects: 0.099000 ms)

AssetImportParameters requested are different than current active one (requested -> active):
  custom:video-decoder-ogg-theora: a1e56fd34408186e4bbccfd4996cb3dc -> 
  custom:container-muxer-webm: aa71ff27fc2769a1b78a27578f13a17b -> 
  custom:container-demuxer-webm: 4f35f7cbe854078d1ac9338744f61a02 -> 
  custom:video-encoder-webm-vp8: eb34c28f22e8b96e1ab97ce403110664 -> 
  custom:audio-encoder-webm-vorbis: bf7c407c2cedff20999df2af8eb42d56 -> 
  custom:framework-win-MediaFoundation: 216162199b28c13a410421893ffa2e32 -> 
  custom:container-demuxer-ogg: 62fdf1f143b41e24485cea50d1cbac27 -> 
  custom:video-decoder-webm-vp8: 9c59270c3fd7afecdb556c50c9e8de78 -> 
  custom:audio-decoder-ogg-vorbis: bf7c407c2cedff20999df2af8eb42d56 -> 
========================================================================
Received Prepare
Registering precompiled user dll's ...
Registered in 0.017154 seconds.
Begin MonoManager ReloadAssembly
Symbol file LoadedFromMemory doesn't match image E:\Unity Projects\My Lie In Lullaby PM\Library\PackageCache\com.unity.visualscripting@1.7.8\Editor\VisualScripting.Core\Dependencies\YamlDotNet\Unity.VisualScripting.YamlDotNet.dll
Symbol file LoadedFromMemory doesn't match image E:\Unity Projects\My Lie In Lullaby PM\Library\PackageCache\com.unity.visualscripting@1.7.8\Editor\VisualScripting.Core\Dependencies\DotNetZip\Unity.VisualScripting.IonicZip.dll
Native extension for WindowsStandalone target not found
Refreshing native plugins compatible for Editor in 0.87 ms, found 3 plugins.
Preloading 0 native plugins for Editor in 0.00 ms.
Mono: successfully reloaded assembly
- Completed reload, in  1.323 seconds
Domain Reload Profiling:
	ReloadAssembly (1324ms)
		BeginReloadAssembly (145ms)
			ExecutionOrderSort (0ms)
			DisableScriptedObjects (4ms)
			BackupInstance (0ms)
			ReleaseScriptingObjects (0ms)
			CreateAndSetChildDomain (38ms)
		EndReloadAssembly (1047ms)
			LoadAssemblies (108ms)
			RebuildTransferFunctionScriptingTraits (0ms)
			SetupTypeCache (330ms)
			ReleaseScriptCaches (2ms)
			RebuildScriptCaches (62ms)
			SetupLoadedEditorAssemblies (483ms)
				LogAssemblyErrors (0ms)
				InitializePlatformSupportModulesInManaged (15ms)
				SetLoadedEditorAssemblies (1ms)
				RefreshPlugins (1ms)
				BeforeProcessingInitializeOnLoad (92ms)
				ProcessInitializeOnLoadAttributes (317ms)
				ProcessInitializeOnLoadMethodAttributes (37ms)
				AfterProcessingInitializeOnLoad (19ms)
				EditorAssembliesLoaded (0ms)
			ExecutionOrderSort2 (0ms)
			AwakeInstancesAfterBackupRestoration (10ms)
Platform modules already initialized, skipping
Refreshing native plugins compatible for Editor in 4.49 ms, found 3 plugins.
Preloading 0 native plugins for Editor in 0.00 ms.
Unloading 4600 Unused Serialized files (Serialized files now loaded: 0)
Unloading 38 unused Assets / (84.5 KB). Loaded Objects now: 5226.
Memory consumption went from 155.6 MB to 155.5 MB.
Total: 3.914200 ms (FindLiveObjects: 0.356300 ms CreateObjectMapping: 0.337100 ms MarkObjects: 3.119700 ms  DeleteObjects: 0.099900 ms)

AssetImportParameters requested are different than current active one (requested -> active):
  custom:video-decoder-ogg-theora: a1e56fd34408186e4bbccfd4996cb3dc -> 
  custom:container-muxer-webm: aa71ff27fc2769a1b78a27578f13a17b -> 
  custom:container-demuxer-webm: 4f35f7cbe854078d1ac9338744f61a02 -> 
  custom:video-encoder-webm-vp8: eb34c28f22e8b96e1ab97ce403110664 -> 
  custom:audio-encoder-webm-vorbis: bf7c407c2cedff20999df2af8eb42d56 -> 
  custom:framework-win-MediaFoundation: 216162199b28c13a410421893ffa2e32 -> 
  custom:container-demuxer-ogg: 62fdf1f143b41e24485cea50d1cbac27 -> 
  custom:video-decoder-webm-vp8: 9c59270c3fd7afecdb556c50c9e8de78 -> 
  custom:audio-decoder-ogg-vorbis: bf7c407c2cedff20999df2af8eb42d56 -> 
========================================================================
Received Prepare
Registering precompiled user dll's ...
Registered in 0.015471 seconds.
Begin MonoManager ReloadAssembly
Symbol file LoadedFromMemory doesn't match image E:\Unity Projects\My Lie In Lullaby PM\Library\PackageCache\com.unity.visualscripting@1.7.8\Editor\VisualScripting.Core\Dependencies\YamlDotNet\Unity.VisualScripting.YamlDotNet.dll
Symbol file LoadedFromMemory doesn't match image E:\Unity Projects\My Lie In Lullaby PM\Library\PackageCache\com.unity.visualscripting@1.7.8\Editor\VisualScripting.Core\Dependencies\DotNetZip\Unity.VisualScripting.IonicZip.dll
Native extension for WindowsStandalone target not found
Refreshing native plugins compatible for Editor in 0.83 ms, found 3 plugins.
Preloading 0 native plugins for Editor in 0.00 ms.
Mono: successfully reloaded assembly
- Completed reload, in  1.578 seconds
Domain Reload Profiling:
	ReloadAssembly (1581ms)
		BeginReloadAssembly (154ms)
			ExecutionOrderSort (0ms)
			DisableScriptedObjects (4ms)
			BackupInstance (0ms)
			ReleaseScriptingObjects (0ms)
			CreateAndSetChildDomain (45ms)
		EndReloadAssembly (1302ms)
			LoadAssemblies (116ms)
			RebuildTransferFunctionScriptingTraits (0ms)
			SetupTypeCache (350ms)
			ReleaseScriptCaches (1ms)
			RebuildScriptCaches (59ms)
			SetupLoadedEditorAssemblies (703ms)
				LogAssemblyErrors (0ms)
				InitializePlatformSupportModulesInManaged (19ms)
				SetLoadedEditorAssemblies (1ms)
				RefreshPlugins (1ms)
				BeforeProcessingInitializeOnLoad (186ms)
				ProcessInitializeOnLoadAttributes (424ms)
				ProcessInitializeOnLoadMethodAttributes (53ms)
				AfterProcessingInitializeOnLoad (20ms)
				EditorAssembliesLoaded (0ms)
			ExecutionOrderSort2 (0ms)
			AwakeInstancesAfterBackupRestoration (11ms)
Platform modules already initialized, skipping
Refreshing native plugins compatible for Editor in 4.06 ms, found 3 plugins.
Preloading 0 native plugins for Editor in 0.00 ms.
Unloading 4600 Unused Serialized files (Serialized files now loaded: 0)
Unloading 38 unused Assets / (84.4 KB). Loaded Objects now: 5229.
Memory consumption went from 155.6 MB to 155.6 MB.
Total: 4.318800 ms (FindLiveObjects: 0.605500 ms CreateObjectMapping: 0.502800 ms MarkObjects: 3.062500 ms  DeleteObjects: 0.146400 ms)

AssetImportParameters requested are different than current active one (requested -> active):
  custom:video-decoder-ogg-theora: a1e56fd34408186e4bbccfd4996cb3dc -> 
  custom:container-muxer-webm: aa71ff27fc2769a1b78a27578f13a17b -> 
  custom:container-demuxer-webm: 4f35f7cbe854078d1ac9338744f61a02 -> 
  custom:video-encoder-webm-vp8: eb34c28f22e8b96e1ab97ce403110664 -> 
  custom:audio-encoder-webm-vorbis: bf7c407c2cedff20999df2af8eb42d56 -> 
  custom:framework-win-MediaFoundation: 216162199b28c13a410421893ffa2e32 -> 
  custom:container-demuxer-ogg: 62fdf1f143b41e24485cea50d1cbac27 -> 
  custom:video-decoder-webm-vp8: 9c59270c3fd7afecdb556c50c9e8de78 -> 
  custom:audio-decoder-ogg-vorbis: bf7c407c2cedff20999df2af8eb42d56 -> 
